<?xml version="1.0" encoding="UTF-8"?>
<!-- Generated by org.testng.reporters.JUnitXMLReporter -->
<testsuite ignored="3" hostname="HYDPCM575428L" failures="0" tests="0" time="0.021" errors="0" timestamp="2025-05-07T20:03:27 IST">
  <testcase classname="testClass.TC003_LoginDDT" name="verify_loginDDT" time="0.0">
    <ignored/>
  </testcase> <!-- verify_loginDDT -->
  <testcase classname="testClass.TC002_LoginTest" name="verify_login" time="0.0">
    <ignored/>
  </testcase> <!-- verify_login -->
  <testcase classname="testClass.TC001_AccountRegpage" name="Regester" time="0.0">
    <ignored/>
  </testcase> <!-- Regester -->
</testsuite>
