<?xml version="1.0" encoding="UTF-8"?>
<!-- Generated by org.testng.reporters.JUnitXMLReporter -->
<testsuite ignored="0" hostname="HYDPCM575428L" failures="0" tests="5" name="Test" time="78.825" errors="0" timestamp="2025-06-07T13:39:38 IST">
  <testcase classname="testClass.TC001_AccountRegpage" name="Regester" time="2.576"/>
  <testcase classname="testClass.TC002_LoginTest" name="verify_login" time="1.771"/>
  <testcase classname="testClass.TC003_LoginDDT" name="verify_loginDDT" time="2.892"/>
  <testcase classname="testClass.TC003_LoginDDT" name="verify_loginDDT" time="2.191"/>
  <testcase classname="testClass.TC003_LoginDDT" name="verify_loginDDT" time="1.908"/>
</testsuite> <!-- Test -->
