<?xml version="1.0" encoding="UTF-8"?>
<testng-results ignored="0" total="2" passed="2" failed="0" skipped="0">
  <reporter-output>
  </reporter-output>
  <suite started-at="2025-06-07T18:43:23 IST" name="Suite" finished-at="2025-06-07T18:44:13 IST" duration-ms="50114">
    <groups>
      <group name="Regression">
        <method signature="TC001_AccountRegpage.Regester()[pri:0, instance:testClass.TC001_AccountRegpage@33d512c1]" name="Regester" class="testClass.TC001_AccountRegpage"/>
        <method signature="TC001_AccountRegpage.Regester()[pri:0, instance:testClass.TC001_AccountRegpage@10683d9d]" name="Regester" class="testClass.TC001_AccountRegpage"/>
      </group> <!-- Regression -->
      <group name="master">
        <method signature="TC001_AccountRegpage.Regester()[pri:0, instance:testClass.TC001_AccountRegpage@33d512c1]" name="Regester" class="testClass.TC001_AccountRegpage"/>
        <method signature="TC001_AccountRegpage.Regester()[pri:0, instance:testClass.TC001_AccountRegpage@10683d9d]" name="Regester" class="testClass.TC001_AccountRegpage"/>
      </group> <!-- master -->
    </groups>
    <test started-at="2025-06-07T18:43:23 IST" name="edgeTest" finished-at="2025-06-07T18:43:57 IST" duration-ms="33496">
      <class name="testClass.TC001_AccountRegpage">
        <test-method is-config="true" signature="login(java.lang.String,java.lang.String)[pri:0, instance:testClass.TC001_AccountRegpage@10683d9d]" started-at="2025-06-07T18:43:23 IST" name="login" finished-at="2025-06-07T18:43:51 IST" duration-ms="28025" status="PASS">
          <params>
            <param index="0">
              <value>
                <![CDATA[Windows]]>
              </value>
            </param>
            <param index="1">
              <value>
                <![CDATA[edge]]>
              </value>
            </param>
          </params>
          <reporter-output>
          </reporter-output>
        </test-method> <!-- login -->
        <test-method signature="Regester()[pri:0, instance:testClass.TC001_AccountRegpage@10683d9d]" started-at="2025-06-07T18:43:51 IST" name="Regester" finished-at="2025-06-07T18:43:56 IST" duration-ms="4374" status="PASS">
          <reporter-output>
          </reporter-output>
        </test-method> <!-- Regester -->
        <test-method is-config="true" signature="TearDown()[pri:0, instance:testClass.TC001_AccountRegpage@10683d9d]" started-at="2025-06-07T18:43:56 IST" name="TearDown" finished-at="2025-06-07T18:43:57 IST" duration-ms="1014" status="PASS">
          <reporter-output>
          </reporter-output>
        </test-method> <!-- TearDown -->
      </class> <!-- testClass.TC001_AccountRegpage -->
    </test> <!-- edgeTest -->
    <test started-at="2025-06-07T18:43:23 IST" name="chromeTest" finished-at="2025-06-07T18:44:13 IST" duration-ms="50114">
      <class name="testClass.TC001_AccountRegpage">
        <test-method is-config="true" signature="login(java.lang.String,java.lang.String)[pri:0, instance:testClass.TC001_AccountRegpage@33d512c1]" started-at="2025-06-07T18:43:23 IST" name="login" finished-at="2025-06-07T18:44:09 IST" duration-ms="45827" status="PASS">
          <params>
            <param index="0">
              <value>
                <![CDATA[Windows]]>
              </value>
            </param>
            <param index="1">
              <value>
                <![CDATA[chrome]]>
              </value>
            </param>
          </params>
          <reporter-output>
          </reporter-output>
        </test-method> <!-- login -->
        <test-method signature="Regester()[pri:0, instance:testClass.TC001_AccountRegpage@33d512c1]" started-at="2025-06-07T18:44:09 IST" name="Regester" finished-at="2025-06-07T18:44:13 IST" duration-ms="3736" status="PASS">
          <reporter-output>
          </reporter-output>
        </test-method> <!-- Regester -->
        <test-method is-config="true" signature="TearDown()[pri:0, instance:testClass.TC001_AccountRegpage@33d512c1]" started-at="2025-06-07T18:44:13 IST" name="TearDown" finished-at="2025-06-07T18:44:13 IST" duration-ms="490" status="PASS">
          <reporter-output>
          </reporter-output>
        </test-method> <!-- TearDown -->
      </class> <!-- testClass.TC001_AccountRegpage -->
    </test> <!-- chromeTest -->
  </suite> <!-- Suite -->
</testng-results>
