<?xml version="1.0" encoding="UTF-8"?>
<testsuite xmlns:xsi="http://www.w3.org/2001/XMLSchema-instance" xsi:noNamespaceSchemaLocation="https://maven.apache.org/surefire/maven-surefire-plugin/xsd/surefire-test-report.xsd" version="3.0.2" name="TestSuite" time="51.239" tests="2" errors="0" skipped="0" failures="0">
  <properties>
[...]
</properties>
  <testcase name="Regester" classname="testClass.TC001_AccountRegpage" time="4.378">
    <system-out><![CDATA[18:43:51.691 [TestNG-tests-2] INFO  testClass.TC001_AccountRegpage ** Starting TC001_AccountRegpage ***
18:43:52.018 [TestNG-tests-2] INFO  testClass.TC001_AccountRegpage click on MyAccount button
18:43:52.878 [TestNG-tests-2] INFO  testClass.TC001_AccountRegpage click on Regester button
18:43:52.884 [TestNG-tests-2] INFO  testClass.TC001_AccountRegpage Providing Customer Details
18:43:56.025 [TestNG-tests-2] ERROR testClass.TC001_AccountRegpage Test Failed
18:43:56.025 [TestNG-tests-2] DEBUG testClass.TC001_AccountRegpage DEBUG LOGS....
Succesfully regester your account
18:43:56.032 [TestNG-tests-2] INFO  testClass.TC001_AccountRegpage Validated Experted msg & Succesfully regestered 
18:43:56.034 [TestNG-tests-2] INFO  testClass.TC001_AccountRegpage  *** finished TC001_AccountRegpage 
]]></system-out>
    <system-err><![CDATA[SLF4J(W): No SLF4J providers were found.
SLF4J(W): Defaulting to no-operation (NOP) logger implementation
SLF4J(W): See https://www.slf4j.org/codes.html#noProviders for further details.
SLF4J(W): Class path contains SLF4J bindings targeting slf4j-api versions 1.7.x or earlier.
SLF4J(W): Ignoring binding found at [jar:file:/C:/Users/mary.barre/.m2/repository/org/apache/logging/log4j/log4j-slf4j-impl/2.24.3/log4j-slf4j-impl-2.24.3.jar!/org/slf4j/impl/StaticLoggerBinder.class]
SLF4J(W): See https://www.slf4j.org/codes.html#ignoredBindings for an explanation.
Jun 07, 2025 6:43:48 PM org.openqa.selenium.devtools.CdpVersionFinder findNearestMatch
WARNING: Unable to find an exact match for CDP version 137, returning the closest version; found: 135; Please update to a Selenium version that supports CDP version 137
]]></system-err>
  </testcase>
  <testcase name="Regester" classname="testClass.TC001_AccountRegpage" time="3.737">
    <system-out><![CDATA[18:44:09.433 [TestNG-tests-1] INFO  testClass.TC001_AccountRegpage ** Starting TC001_AccountRegpage ***
18:44:09.754 [TestNG-tests-1] INFO  testClass.TC001_AccountRegpage click on MyAccount button
18:44:10.724 [TestNG-tests-1] INFO  testClass.TC001_AccountRegpage click on Regester button
18:44:10.728 [TestNG-tests-1] INFO  testClass.TC001_AccountRegpage Providing Customer Details
18:44:13.169 [TestNG-tests-1] ERROR testClass.TC001_AccountRegpage Test Failed
18:44:13.169 [TestNG-tests-1] DEBUG testClass.TC001_AccountRegpage DEBUG LOGS....
Succesfully regester your account
18:44:13.169 [TestNG-tests-1] INFO  testClass.TC001_AccountRegpage Validated Experted msg & Succesfully regestered 
18:44:13.169 [TestNG-tests-1] INFO  testClass.TC001_AccountRegpage  *** finished TC001_AccountRegpage 
]]></system-out>
    <system-err><![CDATA[Jun 07, 2025 6:43:56 PM org.openqa.selenium.remote.http.WebSocket$Listener onError
WARNING: Connection reset
java.net.SocketException: Connection reset
	at java.base/sun.nio.ch.SocketChannelImpl.throwConnectionReset(SocketChannelImpl.java:403)
	at java.base/sun.nio.ch.SocketChannelImpl.implRead(SocketChannelImpl.java:435)
	at java.base/sun.nio.ch.SocketChannelImpl.read(SocketChannelImpl.java:493)
	at java.net.http/jdk.internal.net.http.SocketTube.readAvailable(SocketTube.java:1178)
	at java.net.http/jdk.internal.net.http.SocketTube$InternalReadPublisher$InternalReadSubscription.read(SocketTube.java:841)
	at java.net.http/jdk.internal.net.http.SocketTube$SocketFlowTask.run(SocketTube.java:181)
	at java.net.http/jdk.internal.net.http.common.SequentialScheduler$SchedulableTask.run(SequentialScheduler.java:207)
	at java.net.http/jdk.internal.net.http.common.SequentialScheduler.runOrSchedule(SequentialScheduler.java:280)
	at java.net.http/jdk.internal.net.http.common.SequentialScheduler.runOrSchedule(SequentialScheduler.java:233)
	at java.net.http/jdk.internal.net.http.SocketTube$InternalReadPublisher$InternalReadSubscription.signalReadable(SocketTube.java:782)
	at java.net.http/jdk.internal.net.http.SocketTube$InternalReadPublisher$ReadEvent.signalEvent(SocketTube.java:965)
	at java.net.http/jdk.internal.net.http.SocketTube$SocketFlowEvent.handle(SocketTube.java:253)
	at java.net.http/jdk.internal.net.http.HttpClientImpl$SelectorManager.handleEvent(HttpClientImpl.java:1476)
	at java.net.http/jdk.internal.net.http.HttpClientImpl$SelectorManager.lambda$run$3(HttpClientImpl.java:1421)
	at java.base/java.util.ArrayList.forEach(ArrayList.java:1597)
	at java.net.http/jdk.internal.net.http.HttpClientImpl$SelectorManager.run(HttpClientImpl.java:1421)

Jun 07, 2025 6:44:00 PM org.openqa.selenium.manager.SeleniumManager lambda$runCommand$1
WARNING: There was an error managing chromedriver (error decoding response body); using driver found in the cache
Jun 07, 2025 6:44:03 PM org.openqa.selenium.devtools.CdpVersionFinder findNearestMatch
WARNING: Unable to find an exact match for CDP version 137, returning the closest version; found: 135; Please update to a Selenium version that supports CDP version 137
]]></system-err>
  </testcase>
</testsuite>