<?xml version="1.0" encoding="UTF-8"?>
<testng-results ignored="0" total="5" passed="5" failed="0" skipped="0">
  <reporter-output>
  </reporter-output>
  <suite started-at="2025-06-07T13:38:19 IST" name="master Suite" finished-at="2025-06-07T13:39:38 IST" duration-ms="78825">
    <groups>
      <group name="Sanity">
        <method signature="TC002_LoginTest.verify_login()[pri:0, instance:testClass.TC002_LoginTest@24269709]" name="verify_login" class="testClass.TC002_LoginTest"/>
      </group> <!-- Sanity -->
      <group name="DataDriven">
        <method signature="TC003_LoginDDT.verify_loginDDT(java.lang.String,java.lang.String,java.lang.String)[pri:0, instance:testClass.TC003_LoginDDT@2aceadd4]" name="verify_loginDDT" class="testClass.TC003_LoginDDT"/>
      </group> <!-- DataDriven -->
      <group name="Regression">
        <method signature="TC001_AccountRegpage.Regester()[pri:0, instance:testClass.TC001_AccountRegpage@1c1bbc4e]" name="Regester" class="testClass.TC001_AccountRegpage"/>
      </group> <!-- Regression -->
      <group name="master">
        <method signature="TC001_AccountRegpage.Regester()[pri:0, instance:testClass.TC001_AccountRegpage@1c1bbc4e]" name="Regester" class="testClass.TC001_AccountRegpage"/>
        <method signature="TC002_LoginTest.verify_login()[pri:0, instance:testClass.TC002_LoginTest@24269709]" name="verify_login" class="testClass.TC002_LoginTest"/>
        <method signature="TC003_LoginDDT.verify_loginDDT(java.lang.String,java.lang.String,java.lang.String)[pri:0, instance:testClass.TC003_LoginDDT@2aceadd4]" name="verify_loginDDT" class="testClass.TC003_LoginDDT"/>
      </group> <!-- master -->
    </groups>
    <test started-at="2025-06-07T13:38:19 IST" name="Test" finished-at="2025-06-07T13:39:38 IST" duration-ms="78825">
      <class name="testClass.TC001_AccountRegpage">
        <test-method is-config="true" signature="login(java.lang.String,java.lang.String)[pri:0, instance:testClass.TC001_AccountRegpage@1c1bbc4e]" started-at="2025-06-07T13:38:19 IST" name="login" finished-at="2025-06-07T13:38:33 IST" duration-ms="13912" status="PASS">
          <params>
            <param index="0">
              <value>
                <![CDATA[Windows]]>
              </value>
            </param>
            <param index="1">
              <value>
                <![CDATA[chrome]]>
              </value>
            </param>
          </params>
          <reporter-output>
          </reporter-output>
        </test-method> <!-- login -->
        <test-method signature="Regester()[pri:0, instance:testClass.TC001_AccountRegpage@1c1bbc4e]" started-at="2025-06-07T13:38:33 IST" name="Regester" finished-at="2025-06-07T13:38:36 IST" duration-ms="2576" status="PASS">
          <reporter-output>
          </reporter-output>
        </test-method> <!-- Regester -->
        <test-method is-config="true" signature="TearDown()[pri:0, instance:testClass.TC001_AccountRegpage@1c1bbc4e]" started-at="2025-06-07T13:38:36 IST" name="TearDown" finished-at="2025-06-07T13:38:36 IST" duration-ms="215" status="PASS">
          <reporter-output>
          </reporter-output>
        </test-method> <!-- TearDown -->
      </class> <!-- testClass.TC001_AccountRegpage -->
      <class name="testClass.TC002_LoginTest">
        <test-method is-config="true" signature="login(java.lang.String,java.lang.String)[pri:0, instance:testClass.TC002_LoginTest@24269709]" started-at="2025-06-07T13:38:36 IST" name="login" finished-at="2025-06-07T13:39:04 IST" duration-ms="27661" status="PASS">
          <params>
            <param index="0">
              <value>
                <![CDATA[Windows]]>
              </value>
            </param>
            <param index="1">
              <value>
                <![CDATA[chrome]]>
              </value>
            </param>
          </params>
          <reporter-output>
          </reporter-output>
        </test-method> <!-- login -->
        <test-method signature="verify_login()[pri:0, instance:testClass.TC002_LoginTest@24269709]" started-at="2025-06-07T13:39:04 IST" name="verify_login" finished-at="2025-06-07T13:39:06 IST" duration-ms="1771" status="PASS">
          <reporter-output>
          </reporter-output>
        </test-method> <!-- verify_login -->
        <test-method is-config="true" signature="TearDown()[pri:0, instance:testClass.TC002_LoginTest@24269709]" started-at="2025-06-07T13:39:06 IST" name="TearDown" finished-at="2025-06-07T13:39:06 IST" duration-ms="220" status="PASS">
          <reporter-output>
          </reporter-output>
        </test-method> <!-- TearDown -->
      </class> <!-- testClass.TC002_LoginTest -->
      <class name="testClass.TC003_LoginDDT">
        <test-method is-config="true" signature="login(java.lang.String,java.lang.String)[pri:0, instance:testClass.TC003_LoginDDT@2aceadd4]" started-at="2025-06-07T13:39:06 IST" name="login" finished-at="2025-06-07T13:39:31 IST" duration-ms="25136" status="PASS">
          <params>
            <param index="0">
              <value>
                <![CDATA[Windows]]>
              </value>
            </param>
            <param index="1">
              <value>
                <![CDATA[chrome]]>
              </value>
            </param>
          </params>
          <reporter-output>
          </reporter-output>
        </test-method> <!-- login -->
        <test-method signature="verify_loginDDT(java.lang.String,java.lang.String,java.lang.String)[pri:0, instance:testClass.TC003_LoginDDT@2aceadd4]" started-at="2025-06-07T13:39:31 IST" name="verify_loginDDT" data-provider="LoginData" finished-at="2025-06-07T13:39:34 IST" duration-ms="2892" status="PASS">
          <params>
            <param index="0">
              <value>
                <![CDATA[laksh@yahoo.com]]>
              </value>
            </param>
            <param index="1">
              <value>
                <![CDATA[Lakshmi]]>
              </value>
            </param>
            <param index="2">
              <value>
                <![CDATA[Valid]]>
              </value>
            </param>
          </params>
          <reporter-output>
          </reporter-output>
        </test-method> <!-- verify_loginDDT -->
        <test-method signature="verify_loginDDT(java.lang.String,java.lang.String,java.lang.String)[pri:0, instance:testClass.TC003_LoginDDT@2aceadd4]" started-at="2025-06-07T13:39:34 IST" name="verify_loginDDT" data-provider="LoginData" finished-at="2025-06-07T13:39:36 IST" duration-ms="2191" status="PASS">
          <params>
            <param index="0">
              <value>
                <![CDATA[jyothi797@gmail.com]]>
              </value>
            </param>
            <param index="1">
              <value>
                <![CDATA[jyothi@123]]>
              </value>
            </param>
            <param index="2">
              <value>
                <![CDATA[Valid]]>
              </value>
            </param>
          </params>
          <reporter-output>
          </reporter-output>
        </test-method> <!-- verify_loginDDT -->
        <test-method signature="verify_loginDDT(java.lang.String,java.lang.String,java.lang.String)[pri:0, instance:testClass.TC003_LoginDDT@2aceadd4]" started-at="2025-06-07T13:39:36 IST" name="verify_loginDDT" data-provider="LoginData" finished-at="2025-06-07T13:39:38 IST" duration-ms="1908" status="PASS">
          <params>
            <param index="0">
              <value>
                <![CDATA[abc123@gmail.com]]>
              </value>
            </param>
            <param index="1">
              <value>
                <![CDATA[test@123]]>
              </value>
            </param>
            <param index="2">
              <value>
                <![CDATA[Valid]]>
              </value>
            </param>
          </params>
          <reporter-output>
          </reporter-output>
        </test-method> <!-- verify_loginDDT -->
        <test-method is-config="true" signature="TearDown()[pri:0, instance:testClass.TC003_LoginDDT@2aceadd4]" started-at="2025-06-07T13:39:38 IST" name="TearDown" finished-at="2025-06-07T13:39:38 IST" duration-ms="251" status="PASS">
          <reporter-output>
          </reporter-output>
        </test-method> <!-- TearDown -->
      </class> <!-- testClass.TC003_LoginDDT -->
    </test> <!-- Test -->
  </suite> <!-- master Suite -->
</testng-results>
